

Started GET "/say/hi" for 127.0.0.1 at 2012-07-06 06:26:20 -0900
Processing by SayController#hi as HTML
  Rendered say/hi.html.erb within layouts/application (38.1ms)
Compiled say.css  (232ms)  (pid 14511)
Completed 500 Internal Server Error in 632ms

ActionView::Template::Error (Invalid argument - /home/ajohn13/summer12ruby/testApp/tmp/cache/assets/D68/520/sprockets%2Fba7d0809a28d18bd173cd7b7d41c1e74):
    2: <html>
    3: <head>
    4:   <title>TestApp</title>
    5:   <%= stylesheet_link_tag    "application", :media => "all" %>
    6:   <%= javascript_include_tag "application" %>
    7:   <%= csrf_meta_tags %>
    8: </head>
  app/views/layouts/application.html.erb:5:in `_app_views_layouts_application_html_erb__933227518562055019_27700360'


  Rendered /usr/local/rvm/gems/ruby-1.9.3-p194/gems/actionpack-3.2.3/lib/action_dispatch/middleware/templates/rescues/_trace.erb (7.2ms)
  Rendered /usr/local/rvm/gems/ruby-1.9.3-p194/gems/actionpack-3.2.3/lib/action_dispatch/middleware/templates/rescues/_request_and_response.erb (1.7ms)
  Rendered /usr/local/rvm/gems/ruby-1.9.3-p194/gems/actionpack-3.2.3/lib/action_dispatch/middleware/templates/rescues/template_error.erb within rescues/layout (21.7ms)


Started GET "/say" for 127.0.0.1 at 2012-07-06 06:27:35 -0900

ActionController::RoutingError (No route matches [GET] "/say"):
  actionpack (3.2.3) lib/action_dispatch/middleware/debug_exceptions.rb:21:in `call'
  actionpack (3.2.3) lib/action_dispatch/middleware/show_exceptions.rb:56:in `call'
  railties (3.2.3) lib/rails/rack/logger.rb:26:in `call_app'
  railties (3.2.3) lib/rails/rack/logger.rb:16:in `call'
  actionpack (3.2.3) lib/action_dispatch/middleware/request_id.rb:22:in `call'
  rack (1.4.1) lib/rack/methodoverride.rb:21:in `call'
  rack (1.4.1) lib/rack/runtime.rb:17:in `call'
  activesupport (3.2.3) lib/active_support/cache/strategy/local_cache.rb:72:in `call'
  rack (1.4.1) lib/rack/lock.rb:15:in `call'
  actionpack (3.2.3) lib/action_dispatch/middleware/static.rb:62:in `call'
  railties (3.2.3) lib/rails/engine.rb:479:in `call'
  railties (3.2.3) lib/rails/application.rb:220:in `call'
  rack (1.4.1) lib/rack/content_length.rb:14:in `call'
  railties (3.2.3) lib/rails/rack/log_tailer.rb:14:in `call'
  rack (1.4.1) lib/rack/handler/webrick.rb:59:in `service'
  /usr/local/rvm/rubies/ruby-1.9.3-p194/lib/ruby/1.9.1/webrick/httpserver.rb:138:in `service'
  /usr/local/rvm/rubies/ruby-1.9.3-p194/lib/ruby/1.9.1/webrick/httpserver.rb:94:in `run'
  /usr/local/rvm/rubies/ruby-1.9.3-p194/lib/ruby/1.9.1/webrick/server.rb:191:in `block in start_thread'


  Rendered /usr/local/rvm/gems/ruby-1.9.3-p194/gems/actionpack-3.2.3/lib/action_dispatch/middleware/templates/rescues/routing_error.erb within rescues/layout (1.4ms)


Started GET "/say" for 127.0.0.1 at 2012-07-06 06:29:06 -0900

ActionController::RoutingError (No route matches [GET] "/say"):
  actionpack (3.2.3) lib/action_dispatch/middleware/debug_exceptions.rb:21:in `call'
  actionpack (3.2.3) lib/action_dispatch/middleware/show_exceptions.rb:56:in `call'
  railties (3.2.3) lib/rails/rack/logger.rb:26:in `call_app'
  railties (3.2.3) lib/rails/rack/logger.rb:16:in `call'
  actionpack (3.2.3) lib/action_dispatch/middleware/request_id.rb:22:in `call'
  rack (1.4.1) lib/rack/methodoverride.rb:21:in `call'
  rack (1.4.1) lib/rack/runtime.rb:17:in `call'
  activesupport (3.2.3) lib/active_support/cache/strategy/local_cache.rb:72:in `call'
  rack (1.4.1) lib/rack/lock.rb:15:in `call'
  actionpack (3.2.3) lib/action_dispatch/middleware/static.rb:62:in `call'
  railties (3.2.3) lib/rails/engine.rb:479:in `call'
  railties (3.2.3) lib/rails/application.rb:220:in `call'
  rack (1.4.1) lib/rack/content_length.rb:14:in `call'
  railties (3.2.3) lib/rails/rack/log_tailer.rb:14:in `call'
  rack (1.4.1) lib/rack/handler/webrick.rb:59:in `service'
  /usr/local/rvm/rubies/ruby-1.9.3-p194/lib/ruby/1.9.1/webrick/httpserver.rb:138:in `service'
  /usr/local/rvm/rubies/ruby-1.9.3-p194/lib/ruby/1.9.1/webrick/httpserver.rb:94:in `run'
  /usr/local/rvm/rubies/ruby-1.9.3-p194/lib/ruby/1.9.1/webrick/server.rb:191:in `block in start_thread'


  Rendered /usr/local/rvm/gems/ruby-1.9.3-p194/gems/actionpack-3.2.3/lib/action_dispatch/middleware/templates/rescues/routing_error.erb within rescues/layout (5.1ms)


Started GET "/say/hi" for 127.0.0.1 at 2012-07-06 06:29:08 -0900
Processing by SayController#hi as HTML
  Rendered say/hi.html.erb within layouts/application (0.6ms)
Compiled application.css  (7ms)  (pid 14618)
Completed 500 Internal Server Error in 397ms

ActionView::Template::Error (Invalid argument - /home/ajohn13/summer12ruby/testApp/tmp/cache/assets/D5A/EA0/sprockets%2Fd771ace226fc8215a3572e0aa35bb0d6):
    2: <html>
    3: <head>
    4:   <title>TestApp</title>
    5:   <%= stylesheet_link_tag    "application", :media => "all" %>
    6:   <%= javascript_include_tag "application" %>
    7:   <%= csrf_meta_tags %>
    8: </head>
  app/views/layouts/application.html.erb:5:in `_app_views_layouts_application_html_erb___3598922032275272255_8932760'


  Rendered /usr/local/rvm/gems/ruby-1.9.3-p194/gems/actionpack-3.2.3/lib/action_dispatch/middleware/templates/rescues/_trace.erb (5.8ms)
  Rendered /usr/local/rvm/gems/ruby-1.9.3-p194/gems/actionpack-3.2.3/lib/action_dispatch/middleware/templates/rescues/_request_and_response.erb (1.8ms)
  Rendered /usr/local/rvm/gems/ruby-1.9.3-p194/gems/actionpack-3.2.3/lib/action_dispatch/middleware/templates/rescues/template_error.erb within rescues/layout (18.2ms)


Started GET "/say/bye" for 127.0.0.1 at 2012-07-06 06:29:55 -0900
Processing by SayController#bye as HTML
  Rendered say/bye.html.erb within layouts/application (0.6ms)
Completed 500 Internal Server Error in 293ms

ActionView::Template::Error (Invalid argument - /home/ajohn13/summer12ruby/testApp/tmp/cache/assets/CD8/370/sprockets%2F357970feca3ac29060c1e3861e2c0953):
    2: <html>
    3: <head>
    4:   <title>TestApp</title>
    5:   <%= stylesheet_link_tag    "application", :media => "all" %>
    6:   <%= javascript_include_tag "application" %>
    7:   <%= csrf_meta_tags %>
    8: </head>
  app/views/layouts/application.html.erb:5:in `_app_views_layouts_application_html_erb___3598922032275272255_8932760'


  Rendered /usr/local/rvm/gems/ruby-1.9.3-p194/gems/actionpack-3.2.3/lib/action_dispatch/middleware/templates/rescues/_trace.erb (5.6ms)
  Rendered /usr/local/rvm/gems/ruby-1.9.3-p194/gems/actionpack-3.2.3/lib/action_dispatch/middleware/templates/rescues/_request_and_response.erb (1.6ms)
  Rendered /usr/local/rvm/gems/ruby-1.9.3-p194/gems/actionpack-3.2.3/lib/action_dispatch/middleware/templates/rescues/template_error.erb within rescues/layout (17.6ms)


Started GET "/say/bye" for 127.0.0.1 at 2012-07-06 06:30:39 -0900
Processing by SayController#bye as HTML
  Rendered say/bye.html.erb within layouts/application (0.1ms)
Compiled jquery.js  (3ms)  (pid 14618)
Completed 500 Internal Server Error in 642ms

ActionView::Template::Error (Invalid argument - /home/ajohn13/summer12ruby/testApp/tmp/cache/assets/D8D/6C0/sprockets%2F8e548a03a3e220f6db0d0d8b5bd13df5):
    3: <head>
    4:   <title>TestApp</title>
    5:   <%= stylesheet_link_tag    "style", :media => "all" %>
    6:   <%= javascript_include_tag "application" %>
    7:   <%= csrf_meta_tags %>
    8: </head>
    9: <body>
  app/views/layouts/application.html.erb:6:in `_app_views_layouts_application_html_erb___3598922032275272255_21860760'


  Rendered /usr/local/rvm/gems/ruby-1.9.3-p194/gems/actionpack-3.2.3/lib/action_dispatch/middleware/templates/rescues/_trace.erb (7.4ms)
  Rendered /usr/local/rvm/gems/ruby-1.9.3-p194/gems/actionpack-3.2.3/lib/action_dispatch/middleware/templates/rescues/_request_and_response.erb (1.7ms)
  Rendered /usr/local/rvm/gems/ruby-1.9.3-p194/gems/actionpack-3.2.3/lib/action_dispatch/middleware/templates/rescues/template_error.erb within rescues/layout (21.1ms)


Started GET "/say/bye" for 127.0.0.1 at 2012-07-06 06:30:59 -0900
Processing by SayController#bye as HTML
  Rendered say/bye.html.erb within layouts/application (0.1ms)
Completed 200 OK in 25ms (Views: 24.5ms | ActiveRecord: 0.0ms)


Started GET "/say/hi" for 127.0.0.1 at 2012-07-06 06:31:03 -0900
Processing by SayController#hi as HTML
  Rendered say/hi.html.erb within layouts/application (0.1ms)
Completed 200 OK in 8ms (Views: 7.3ms | ActiveRecord: 0.0ms)
